# JRE version: Java(TM) SE Runtime Environment (8.0_31-b13) (build 1.8.0_31-b13)
# Java VM: Java HotSpot(TM) 64-Bit Server VM (25.31-b07 mixed mode windows-amd64 compressed oops)
Heap:
 PSYoungGen      total 109568K, used 57597K [0x00000000d5580000, 0x00000000de880000, 0x0000000100000000)
  eden space 99840K, 57% used [0x00000000d5580000,0x00000000d8dbf450,0x00000000db700000)
  from space 9728K, 0% used [0x00000000dd580000,0x00000000dd580000,0x00000000ddf00000)
  to   space 7168K, 0% used [0x00000000de180000,0x00000000de180000,0x00000000de880000)
 ParOldGen       total 63488K, used 19420K [0x0000000080000000, 0x0000000083e00000, 0x00000000d5580000)
  object space 63488K, 30% used [0x0000000080000000,0x00000000812f7318,0x0000000083e00000)
 Metaspace       used 37987K, capacity 38658K, committed 39080K, reserved 1085440K
  class space    used 5289K, capacity 5465K, committed 5552K, reserved 1048576K
GC Heap History (10 events):
Event: 2.208 GC heap before
{Heap before GC invocations=5 (full 0):
 PSYoungGen      total 71680K, used 27280K [0x00000000d5580000, 0x00000000da080000, 0x0000000100000000)
  eden space 66560K, 33% used [0x00000000d5580000,0x00000000d6b2c020,0x00000000d9680000)
  from space 5120K, 99% used [0x00000000d9b80000,0x00000000da078050,0x00000000da080000)
  to   space 5120K, 0% used [0x00000000d9680000,0x00000000d9680000,0x00000000d9b80000)
 ParOldGen       total 87552K, used 5459K [0x0000000080000000, 0x0000000085580000, 0x00000000d5580000)
  object space 87552K, 6% used [0x0000000080000000,0x0000000080554f90,0x0000000085580000)
 Metaspace       used 20802K, capacity 21212K, committed 21296K, reserved 1067008K
  class space    used 2963K, capacity 3094K, committed 3120K, reserved 1048576K
Event: 2.214 GC heap after
Heap after GC invocations=5 (full 0):
 PSYoungGen      total 71680K, used 5096K [0x00000000d5580000, 0x00000000deb80000, 0x0000000100000000)
  eden space 66560K, 0% used [0x00000000d5580000,0x00000000d5580000,0x00000000d9680000)
  from space 5120K, 99% used [0x00000000d9680000,0x00000000d9b7a090,0x00000000d9b80000)
  to   space 10240K, 0% used [0x00000000de180000,0x00000000de180000,0x00000000deb80000)
 ParOldGen       total 87552K, used 8945K [0x0000000080000000, 0x0000000085580000, 0x00000000d5580000)
  object space 87552K, 10% used [0x0000000080000000,0x00000000808bc6c0,0x0000000085580000)
 Metaspace       used 20802K, capacity 21212K, committed 21296K, reserved 1067008K
  class space    used 2963K, capacity 3094K, committed 3120K, reserved 1048576K
}
Event: 2.214 GC heap before
{Heap before GC invocations=6 (full 1):
 PSYoungGen      total 71680K, used 5096K [0x00000000d5580000, 0x00000000deb80000, 0x0000000100000000)
  eden space 66560K, 0% used [0x00000000d5580000,0x00000000d5580000,0x00000000d9680000)
  from space 5120K, 99% used [0x00000000d9680000,0x00000000d9b7a090,0x00000000d9b80000)
  to   space 10240K, 0% used [0x00000000de180000,0x00000000de180000,0x00000000deb80000)
 ParOldGen       total 87552K, used 8945K [0x0000000080000000, 0x0000000085580000, 0x00000000d5580000)
  object space 87552K, 10% used [0x0000000080000000,0x00000000808bc6c0,0x0000000085580000)
 Metaspace       used 20802K, capacity 21212K, committed 21296K, reserved 1067008K
  class space    used 2963K, capacity 3094K, committed 3120K, reserved 1048576K
Event: 2.248 GC heap after
Heap after GC invocations=6 (full 1):
 PSYoungGen      total 71680K, used 0K [0x00000000d5580000, 0x00000000deb80000, 0x0000000100000000)
  eden space 66560K, 0% used [0x00000000d5580000,0x00000000d5580000,0x00000000d9680000)
  from space 5120K, 0% used [0x00000000d9680000,0x00000000d9680000,0x00000000d9b80000)
  to   space 10240K, 0% used [0x00000000de180000,0x00000000de180000,0x00000000deb80000)
 ParOldGen       total 63488K, used 8857K [0x0000000080000000, 0x0000000083e00000, 0x00000000d5580000)
  object space 63488K, 13% used [0x0000000080000000,0x00000000808a6580,0x0000000083e00000)
 Metaspace       used 20800K, capacity 21210K, committed 21296K, reserved 1067008K
  class space    used 2962K, capacity 3093K, committed 3120K, reserved 1048576K
}
Event: 2.970 GC heap before
{Heap before GC invocations=7 (full 1):
 PSYoungGen      total 71680K, used 66560K [0x00000000d5580000, 0x00000000deb80000, 0x0000000100000000)
  eden space 66560K, 100% used [0x00000000d5580000,0x00000000d9680000,0x00000000d9680000)
  from space 5120K, 0% used [0x00000000d9680000,0x00000000d9680000,0x00000000d9b80000)
  to   space 10240K, 0% used [0x00000000de180000,0x00000000de180000,0x00000000deb80000)
 ParOldGen       total 63488K, used 8857K [0x0000000080000000, 0x0000000083e00000, 0x00000000d5580000)
  object space 63488K, 13% used [0x0000000080000000,0x00000000808a6580,0x0000000083e00000)
 Metaspace       used 26448K, capacity 26944K, committed 27184K, reserved 1073152K
  class space    used 3696K, capacity 3820K, committed 3888K, reserved 1048576K
Event: 2.979 GC heap after
Heap after GC invocations=7 (full 1):
 PSYoungGen      total 107008K, used 6849K [0x00000000d5580000, 0x00000000de880000, 0x0000000100000000)
  eden space 99840K, 0% used [0x00000000d5580000,0x00000000d5580000,0x00000000db700000)
  from space 7168K, 95% used [0x00000000de180000,0x00000000de8307a8,0x00000000de880000)
  to   space 9728K, 0% used [0x00000000dd580000,0x00000000dd580000,0x00000000ddf00000)
 ParOldGen       total 63488K, used 8865K [0x0000000080000000, 0x0000000083e00000, 0x00000000d5580000)
  object space 63488K, 13% used [0x0000000080000000,0x00000000808a8580,0x0000000083e00000)
 Metaspace       used 26448K, capacity 26944K, committed 27184K, reserved 1073152K
  class space    used 3696K, capacity 3820K, committed 3888K, reserved 1048576K
}
Event: 4.140 GC heap before
{Heap before GC invocations=8 (full 1):
 PSYoungGen      total 107008K, used 104034K [0x00000000d5580000, 0x00000000de880000, 0x0000000100000000)
  eden space 99840K, 97% used [0x00000000d5580000,0x00000000db4681f8,0x00000000db700000)
  from space 7168K, 95% used [0x00000000de180000,0x00000000de8307a8,0x00000000de880000)
  to   space 9728K, 0% used [0x00000000dd580000,0x00000000dd580000,0x00000000ddf00000)
 ParOldGen       total 63488K, used 8865K [0x0000000080000000, 0x0000000083e00000, 0x00000000d5580000)
  object space 63488K, 13% used [0x0000000080000000,0x00000000808a8580,0x0000000083e00000)
 Metaspace       used 34588K, capacity 35204K, committed 35496K, reserved 1079296K
  class space    used 4866K, capacity 5022K, committed 5040K, reserved 1048576K
Event: 4.152 GC heap after
Heap after GC invocations=8 (full 1):
 PSYoungGen      total 109568K, used 9710K [0x00000000d5580000, 0x00000000de880000, 0x0000000100000000)
  eden space 99840K, 0% used [0x00000000d5580000,0x00000000d5580000,0x00000000db700000)
  from space 9728K, 99% used [0x00000000dd580000,0x00000000ddefb968,0x00000000ddf00000)
  to   space 7168K, 0% used [0x00000000de180000,0x00000000de180000,0x00000000de880000)
 ParOldGen       total 63488K, used 12122K [0x0000000080000000, 0x0000000083e00000, 0x00000000d5580000)
  object space 63488K, 19% used [0x0000000080000000,0x0000000080bd6908,0x0000000083e00000)
 Metaspace       used 34588K, capacity 35204K, committed 35496K, reserved 1079296K
  class space    used 4866K, capacity 5022K, committed 5040K, reserved 1048576K
}
Event: 4.152 GC heap before
{Heap before GC invocations=9 (full 2):
 PSYoungGen      total 109568K, used 9710K [0x00000000d5580000, 0x00000000de880000, 0x0000000100000000)
  eden space 99840K, 0% used [0x00000000d5580000,0x00000000d5580000,0x00000000db700000)
  from space 9728K, 99% used [0x00000000dd580000,0x00000000ddefb968,0x00000000ddf00000)
  to   space 7168K, 0% used [0x00000000de180000,0x00000000de180000,0x00000000de880000)
 ParOldGen       total 63488K, used 12122K [0x0000000080000000, 0x0000000083e00000, 0x00000000d5580000)
  object space 63488K, 19% used [0x0000000080000000,0x0000000080bd6908,0x0000000083e00000)
 Metaspace       used 34588K, capacity 35204K, committed 35496K, reserved 1079296K
  class space    used 4866K, capacity 5022K, committed 5040K, reserved 1048576K
Event: 4.210 GC heap after
Heap after GC invocations=9 (full 2):
 PSYoungGen      total 109568K, used 0K [0x00000000d5580000, 0x00000000de880000, 0x0000000100000000)
  eden space 99840K, 0% used [0x00000000d5580000,0x00000000d5580000,0x00000000db700000)
  from space 9728K, 0% used [0x00000000dd580000,0x00000000dd580000,0x00000000ddf00000)
  to   space 7168K, 0% used [0x00000000de180000,0x00000000de180000,0x00000000de880000)
 ParOldGen       total 63488K, used 19420K [0x0000000080000000, 0x0000000083e00000, 0x00000000d5580000)
  object space 63488K, 30% used [0x0000000080000000,0x00000000812f7318,0x0000000083e00000)
 Metaspace       used 34588K, capacity 35204K, committed 35496K, reserved 1079296K
  class space    used 4866K, capacity 5022K, committed 5040K, reserved 1048576K
}

